#
# A fatal error has been detected by the Java Runtime Environment:
#
#  SIGSEGV (0xb) at pc=0x000000010eb82844, pid=79622, tid=19203
#
# JRE version: Java(TM) SE Runtime Environment (8.0_66-b17) (build 1.8.0_66-b17)
# Java VM: Java HotSpot(TM) 64-Bit Server VM (25.66-b17 mixed mode bsd-amd64 compressed oops)
# Problematic frame:
# V  [libjvm.dylib+0x382844]  JvmtiEnv::GetClassMethods(oopDesc*, int*, _jmethodID***)+0x122
#
# Failed to write core dump. Core dumps have been disabled. To enable core dumping, try "ulimit -c unlimited" before starting Java again
#
# If you would like to submit a bug report, please visit:
#   http://bugreport.java.com/bugreport/crash.jsp
#

---------------  T H R E A D  ---------------

Current thread (0x00007fe847002000):  JavaThread "JDWP Transport Listener: dt_socket" daemon [_thread_in_vm, id=19203, stack(0x0000700000f47000,0x0000700001047000)]

siginfo: si_signo: 11 (SIGSEGV), si_code: 1 (SEGV_MAPERR), si_addr: 0x00007fe9861192a0

Registers:
RAX=0x00007fe846116c88, RBX=0x00000007c0060028, RCX=0x0000000000000001, RDX=0x00007fe8461038d0
RSP=0x0000700001046970, RBP=0x00007000010469f0, RSI=0x0000000000000000, RDI=0x00007fe8461035c0
R8 =0x00007000010468b8, R9 =0x00007000010468b0, R10=0x00007fe843711070, R11=0x00007fe846100000
R12=0x0000000000000007, R13=0x0000000028541050, R14=0x000000000000000a, R15=0x00007fe843711020
RIP=0x000000010eb82844, EFLAGS=0x0000000000010202, ERR=0x0000000000000006
  TRAPNO=0x000000000000000e

Top of Stack: (sp=0x0000700001046970)
0x0000700001046970:   0000700001046980 000000000000000a
0x0000700001046980:   0000700001046a84 0000700001046a78
0x0000700001046990:   00007fe847002000 00007fe846103690
0x00007000010469a0:   00007fe8461037e0 00007fe8461037f0
0x00007000010469b0:   00007fe8461038c8 00000000000000d8
0x00007000010469c0:   0000700001046db0 0000700001046a78
0x00007000010469d0:   00007fe8434124c0 00007fe847002000
0x00007000010469e0:   0000700001046a84 000000076aba9480
0x00007000010469f0:   0000700001046a60 000000010eb571af
0x0000700001046a00:   00007fe847002000 00007fe847002000
0x0000700001046a10:   0000000000000000 0000700000000000
0x0000700001046a20:   0000000000000000 00007fe847002000
0x0000700001046a30:   00007fe847002000 0000000000000001
0x0000700001046a40:   00007fe843423cd0 00007fe84630b910
0x0000700001046a50:   0000700001046b08 0000700001046c90
0x0000700001046a60:   0000700001046ad0 000000010f78b195
0x0000700001046a70:   0000700001046aa0 0000000000000000
0x0000700001046a80:   0000000000000032 0000700001046b08
0x0000700001046a90:   0000700001046b08 000000010f7b9598
0x0000700001046aa0:   0000700001046ac0 0000700001046c90
0x0000700001046ab0:   000000010f7ade7a 00007fe84630b910
0x0000700001046ac0:   0000700001046b08 000000010f7b9598
0x0000700001046ad0:   0000700001046ae0 000000010f78b2ec
0x0000700001046ae0:   0000700001046d00 000000010f794898
0x0000700001046af0:   0000057500000013 00000000000f0200
0x0000700001046b00:   00007fe84630abb0 0000700001046b58
0x0000700001046b10:   00007fe80000012c 0000700001046b20
0x0000700001046b20:   0000000000000000 0000700001046b58
0x0000700001046b30:   0000000000000000 0000000000000000
0x0000700001046b40:   000005750000000f 00007fff0000cc80
0x0000700001046b50:   0000700001046b58 0000000023000000
0x0000700001046b60:   0000000100000200 000000a601000000 

Instructions: (pc=0x000000010eb82844)
0x000000010eb82824:   45 31 e4 48 8b 83 80 01 00 00 48 8b 8b a0 01 00
0x000000010eb82834:   00 4e 63 6c a1 04 4a 8b 7c e0 08 e8 8c ff f9 ff
0x000000010eb82844:   4b 89 04 ef 49 ff c4 4d 39 e6 75 d7 48 8b 45 88
0x000000010eb82854:   48 8b 55 90 89 02 48 8b 4d 98 4c 89 39 31 db 48 

Register to memory mapping:

RAX=0x00007fe846116c88 is an unknown value
RBX=0x00000007c0060028 is pointing into metadata
RCX=0x0000000000000001 is an unknown value
RDX=0x00007fe8461038d0 is an unknown value
RSP=0x0000700001046970 is pointing into the stack for thread: 0x00007fe847002000
RBP=0x00007000010469f0 is pointing into the stack for thread: 0x00007fe847002000
RSI=0x0000000000000000 is an unknown value
RDI=0x00007fe8461035c0 is an unknown value
R8 =0x00007000010468b8 is pointing into the stack for thread: 0x00007fe847002000
R9 =0x00007000010468b0 is pointing into the stack for thread: 0x00007fe847002000
R10=0x00007fe843711070 is an unknown value
R11=0x00007fe846100000 is an unknown value
R12=0x0000000000000007 is an unknown value
R13=0x0000000028541050 is an unknown value
R14=0x000000000000000a is an unknown value
R15=0x00007fe843711020 is an unknown value


Stack: [0x0000700000f47000,0x0000700001047000],  sp=0x0000700001046970,  free space=1022k
Native frames: (J=compiled Java code, j=interpreted, Vv=VM code, C=native code)
V  [libjvm.dylib+0x382844]  JvmtiEnv::GetClassMethods(oopDesc*, int*, _jmethodID***)+0x122
V  [libjvm.dylib+0x3571af]  jvmti_GetClassMethods+0x130
C  [libjdwp.dylib+0x5195]  methods1+0xad
C  [libjdwp.dylib+0x52ec]  methodsWithGeneric+0xe
C  [libjdwp.dylib+0xe898]  debugLoop_run+0x1ce
C  [libjdwp.dylib+0x1f6ba]  attachThread+0x4d
V  [libjvm.dylib+0x39661c]  JvmtiAgentThread::call_start_function()+0x38
V  [libjvm.dylib+0x560b83]  JavaThread::thread_main_inner()+0x9b
V  [libjvm.dylib+0x56227e]  JavaThread::run()+0x1c2
V  [libjvm.dylib+0x482cd6]  java_start(Thread*)+0xf6
C  [libsystem_pthread.dylib+0x39b1]  _pthread_body+0x83
C  [libsystem_pthread.dylib+0x392e]  _pthread_body+0x0
C  [libsystem_pthread.dylib+0x1385]  thread_start+0xd
C  0x0000000000000000


---------------  P R O C E S S  ---------------

Java Threads: ( => current thread )
  0x00007fe844008800 JavaThread "Service Thread" daemon [_thread_blocked, id=22787, stack(0x000070000165c000,0x000070000175c000)]
  0x00007fe84680e800 JavaThread "C1 CompilerThread3" daemon [_thread_blocked, id=22275, stack(0x0000700001559000,0x0000700001659000)]
  0x00007fe845032800 JavaThread "C2 CompilerThread2" daemon [_thread_blocked, id=21763, stack(0x0000700001456000,0x0000700001556000)]
  0x00007fe847004800 JavaThread "C2 CompilerThread1" daemon [_thread_blocked, id=21251, stack(0x0000700001353000,0x0000700001453000)]
  0x00007fe844008000 JavaThread "C2 CompilerThread0" daemon [_thread_blocked, id=20739, stack(0x0000700001250000,0x0000700001350000)]
  0x00007fe847003800 JavaThread "JDWP Command Reader" daemon [_thread_in_native, id=20227, stack(0x000070000114d000,0x000070000124d000)]
  0x00007fe847003000 JavaThread "JDWP Event Helper Thread" daemon [_thread_blocked, id=19715, stack(0x000070000104a000,0x000070000114a000)]
=>0x00007fe847002000 JavaThread "JDWP Transport Listener: dt_socket" daemon [_thread_in_vm, id=19203, stack(0x0000700000f47000,0x0000700001047000)]
  0x00007fe844007000 JavaThread "Signal Dispatcher" daemon [_thread_blocked, id=15887, stack(0x0000700000e44000,0x0000700000f44000)]
  0x00007fe844801800 JavaThread "Finalizer" daemon [_thread_blocked, id=14339, stack(0x0000700000c3b000,0x0000700000d3b000)]
  0x00007fe843853800 JavaThread "Reference Handler" daemon [_thread_blocked, id=13827, stack(0x0000700000b38000,0x0000700000c38000)]
  0x00007fe843826800 JavaThread "main" [_thread_blocked, id=5891, stack(0x000070000011a000,0x000070000021a000)]

Other Threads:
  0x00007fe844033000 VMThread [stack: 0x0000700000a35000,0x0000700000b35000] [id=13315]
  0x00007fe847009800 WatcherThread [stack: 0x000070000175f000,0x000070000185f000] [id=23299]

VM state:not at safepoint (normal execution)

VM Mutex/Monitor currently owned by a thread: None

Heap:
 PSYoungGen      total 76288K, used 5243K [0x000000076ab00000, 0x0000000770000000, 0x00000007c0000000)
  eden space 65536K, 8% used [0x000000076ab00000,0x000000076b01ec70,0x000000076eb00000)
  from space 10752K, 0% used [0x000000076f580000,0x000000076f580000,0x0000000770000000)
  to   space 10752K, 0% used [0x000000076eb00000,0x000000076eb00000,0x000000076f580000)
 ParOldGen       total 175104K, used 0K [0x00000006c0000000, 0x00000006cab00000, 0x000000076ab00000)
  object space 175104K, 0% used [0x00000006c0000000,0x00000006c0000000,0x00000006cab00000)
 Metaspace       used 2697K, capacity 4566K, committed 4864K, reserved 1056768K
  class space    used 289K, capacity 390K, committed 512K, reserved 1048576K

Card table byte_map: [0x000000011eb9a000,0x000000011f39b000] byte_map_base: 0x000000011b59a000

Marking Bits: (ParMarkBitMap*) 0x000000010f0dde20
 Begin Bits: [0x000000011f8f1000, 0x00000001238f1000)
 End Bits:   [0x00000001238f1000, 0x00000001278f1000)

Polling page: 0x000000010d7ed000

CodeCache: size=245760Kb used=1114Kb max_used=1114Kb free=244645Kb
 bounds [0x000000010f7da000, 0x000000010fa4a000, 0x000000011e7da000]
 total_blobs=262 nmethods=39 adapters=146
 compilation: enabled

Compilation events (10 events):
Event: 0.093 Thread 0x00007fe84680e800   35       3       java.lang.System::getSecurityManager (4 bytes)
Event: 0.093 Thread 0x00007fe84680e800 nmethod 35 0x000000010f8ef350 code [0x000000010f8ef4a0, 0x000000010f8ef5f0]
Event: 0.094 Thread 0x00007fe84680e800   36       3       java.util.Arrays::copyOf (19 bytes)
Event: 0.094 Thread 0x00007fe84680e800 nmethod 36 0x000000010f8ef650 code [0x000000010f8ef7e0, 0x000000010f8efb08]
Event: 0.094 Thread 0x00007fe84680e800   37       1       java.util.ArrayList::size (5 bytes)
Event: 0.094 Thread 0x00007fe84680e800 nmethod 37 0x000000010f8efc50 code [0x000000010f8efda0, 0x000000010f8efeb0]
Event: 0.095 Thread 0x00007fe84680e800   38       3       java.lang.AbstractStringBuilder::<init> (12 bytes)
Event: 0.095 Thread 0x00007fe84680e800 nmethod 38 0x000000010f8eff10 code [0x000000010f8f0080, 0x000000010f8f02d0]
Event: 0.098 Thread 0x00007fe84680e800   39       3       java.lang.String::startsWith (7 bytes)
Event: 0.098 Thread 0x00007fe84680e800 nmethod 39 0x000000010f8f0390 code [0x000000010f8f0500, 0x000000010f8f0728]

GC Heap History (0 events):
No events

Deoptimization events (0 events):
No events

Internal exceptions (2 events):
Event: 0.036 Thread 0x00007fe843826800 Exception <a 'java/lang/NoSuchMethodError': Method sun.misc.Unsafe.defineClass(Ljava/lang/String;[BII)Ljava/lang/Class; name or signature does not match> (0x000000076ab12f10) thrown at [/HUDSON3/workspace/8-2-build-macosx-x86_64/jdk8u66/4988/hotspot/src/s
Event: 0.036 Thread 0x00007fe843826800 Exception <a 'java/lang/NoSuchMethodError': Method sun.misc.Unsafe.prefetchRead(Ljava/lang/Object;J)V name or signature does not match> (0x000000076ab131f8) thrown at [/HUDSON3/workspace/8-2-build-macosx-x86_64/jdk8u66/4988/hotspot/src/share/vm/prims/jni.

Events (10 events):
Event: 497.579 Executing VM operation: ChangeBreakpoints
Event: 497.579 Executing VM operation: ChangeBreakpoints done
Event: 627.578 Executing VM operation: RedefineClasses
Event: 627.578 Executing VM operation: RedefineClasses done
Event: 627.624 Executing VM operation: ChangeBreakpoints
Event: 627.624 Executing VM operation: ChangeBreakpoints done
Event: 665.538 Executing VM operation: ChangeBreakpoints
Event: 665.538 Executing VM operation: ChangeBreakpoints done
Event: 3046.072 Executing VM operation: RedefineClasses
Event: 3046.072 Executing VM operation: RedefineClasses done


Dynamic libraries:
0x0000000002a51000 	/System/Library/Frameworks/Cocoa.framework/Versions/A/Cocoa
0x0000000002a51000 	/System/Library/Frameworks/Security.framework/Versions/A/Security
0x0000000002a51000 	/System/Library/Frameworks/ApplicationServices.framework/Versions/A/ApplicationServices
0x0000000002a51000 	/usr/lib/libz.1.dylib
0x0000000002a51000 	/usr/lib/libSystem.B.dylib
0x0000000002a51000 	/usr/lib/libobjc.A.dylib
0x0000000002a51000 	/System/Library/Frameworks/CoreFoundation.framework/Versions/A/CoreFoundation
0x0000000002a51000 	/System/Library/Frameworks/Foundation.framework/Versions/C/Foundation
0x0000000002a51000 	/System/Library/Frameworks/AppKit.framework/Versions/C/AppKit
0x0000000002a51000 	/System/Library/Frameworks/CoreData.framework/Versions/A/CoreData
0x0000000002a51000 	/System/Library/PrivateFrameworks/RemoteViewServices.framework/Versions/A/RemoteViewServices
0x0000000002a51000 	/System/Library/PrivateFrameworks/UIFoundation.framework/Versions/A/UIFoundation
0x0000000002a51000 	/usr/lib/libScreenReader.dylib
0x0000000002a51000 	/System/Library/Frameworks/Accelerate.framework/Versions/A/Accelerate
0x0000000002a51000 	/System/Library/Frameworks/IOSurface.framework/Versions/A/IOSurface
0x0000000002a51000 	/System/Library/Frameworks/AudioToolbox.framework/Versions/A/AudioToolbox
0x0000000002a51000 	/System/Library/Frameworks/AudioUnit.framework/Versions/A/AudioUnit
0x0000000002a51000 	/System/Library/PrivateFrameworks/DataDetectorsCore.framework/Versions/A/DataDetectorsCore
0x0000000002a51000 	/System/Library/PrivateFrameworks/DesktopServicesPriv.framework/Versions/A/DesktopServicesPriv
0x0000000002a51000 	/System/Library/Frameworks/Carbon.framework/Versions/A/Frameworks/HIToolbox.framework/Versions/A/HIToolbox
0x0000000002a51000 	/System/Library/Frameworks/QuartzCore.framework/Versions/A/QuartzCore
0x0000000002a51000 	/System/Library/Frameworks/Carbon.framework/Versions/A/Frameworks/SpeechRecognition.framework/Versions/A/SpeechRecognition
0x0000000002a51000 	/usr/lib/libauto.dylib
0x0000000002a51000 	/usr/lib/libicucore.A.dylib
0x0000000002a51000 	/usr/lib/libxml2.2.dylib
0x0000000002a51000 	/System/Library/PrivateFrameworks/CoreUI.framework/Versions/A/CoreUI
0x0000000002a51000 	/System/Library/Frameworks/CoreAudio.framework/Versions/A/CoreAudio
0x0000000002a51000 	/System/Library/Frameworks/DiskArbitration.framework/Versions/A/DiskArbitration
0x0000000002a51000 	/usr/lib/liblangid.dylib
0x0000000002a51000 	/System/Library/PrivateFrameworks/MultitouchSupport.framework/Versions/A/MultitouchSupport
0x0000000002a51000 	/System/Library/Frameworks/IOKit.framework/Versions/A/IOKit
0x0000000002a51000 	/usr/lib/libDiagnosticMessagesClient.dylib
0x0000000002a51000 	/System/Library/Frameworks/CoreServices.framework/Versions/A/CoreServices
0x0000000002a51000 	/System/Library/PrivateFrameworks/PerformanceAnalysis.framework/Versions/A/PerformanceAnalysis
0x0000000002a51000 	/System/Library/PrivateFrameworks/GenerationalStorage.framework/Versions/A/GenerationalStorage
0x0000000002a51000 	/System/Library/Frameworks/OpenGL.framework/Versions/A/OpenGL
0x0000000002a51000 	/System/Library/PrivateFrameworks/Sharing.framework/Versions/A/Sharing
0x0000000002a51000 	/System/Library/Frameworks/CoreGraphics.framework/Versions/A/CoreGraphics
0x0000000002a51000 	/System/Library/Frameworks/CoreImage.framework/Versions/A/CoreImage
0x0000000002a51000 	/System/Library/Frameworks/CoreText.framework/Versions/A/CoreText
0x0000000002a51000 	/System/Library/Frameworks/ImageIO.framework/Versions/A/ImageIO
0x0000000002a51000 	/System/Library/PrivateFrameworks/Backup.framework/Versions/A/Backup
0x0000000002a51000 	/usr/lib/libextension.dylib
0x0000000002a51000 	/usr/lib/libarchive.2.dylib
0x0000000002a51000 	/System/Library/Frameworks/CFNetwork.framework/Versions/A/CFNetwork
0x0000000002a51000 	/System/Library/Frameworks/SystemConfiguration.framework/Versions/A/SystemConfiguration
0x0000000002a51000 	/usr/lib/libCRFSuite.dylib
0x0000000002a51000 	/usr/lib/libc++.1.dylib
0x0000000002a51000 	/usr/lib/libc++abi.dylib
0x0000000002a51000 	/usr/lib/system/libcache.dylib
0x0000000002a51000 	/usr/lib/system/libcommonCrypto.dylib
0x0000000002a51000 	/usr/lib/system/libcompiler_rt.dylib
0x0000000002a51000 	/usr/lib/system/libcopyfile.dylib
0x0000000002a51000 	/usr/lib/system/libcorecrypto.dylib
0x0000000002a51000 	/usr/lib/system/libdispatch.dylib
0x0000000002a51000 	/usr/lib/system/libdyld.dylib
0x0000000002a51000 	/usr/lib/system/libkeymgr.dylib
0x0000000002a51000 	/usr/lib/system/liblaunch.dylib
0x0000000002a51000 	/usr/lib/system/libmacho.dylib
0x0000000002a51000 	/usr/lib/system/libquarantine.dylib
0x0000000002a51000 	/usr/lib/system/libremovefile.dylib
0x0000000002a51000 	/usr/lib/system/libsystem_asl.dylib
0x0000000002a51000 	/usr/lib/system/libsystem_blocks.dylib
0x0000000002a51000 	/usr/lib/system/libsystem_c.dylib
0x0000000002a51000 	/usr/lib/system/libsystem_configuration.dylib
0x0000000002a51000 	/usr/lib/system/libsystem_coreservices.dylib
0x0000000002a51000 	/usr/lib/system/libsystem_coretls.dylib
0x0000000002a51000 	/usr/lib/system/libsystem_dnssd.dylib
0x0000000002a51000 	/usr/lib/system/libsystem_info.dylib
0x0000000002a51000 	/usr/lib/system/libsystem_kernel.dylib
0x0000000002a51000 	/usr/lib/system/libsystem_m.dylib
0x0000000002a51000 	/usr/lib/system/libsystem_malloc.dylib
0x0000000002a51000 	/usr/lib/system/libsystem_network.dylib
0x0000000002a51000 	/usr/lib/system/libsystem_networkextension.dylib
0x0000000002a51000 	/usr/lib/system/libsystem_notify.dylib
0x0000000002a51000 	/usr/lib/system/libsystem_platform.dylib
0x0000000002a51000 	/usr/lib/system/libsystem_pthread.dylib
0x0000000002a51000 	/usr/lib/system/libsystem_sandbox.dylib
0x0000000002a51000 	/usr/lib/system/libsystem_secinit.dylib
0x0000000002a51000 	/usr/lib/system/libsystem_trace.dylib
0x0000000002a51000 	/usr/lib/system/libunc.dylib
0x0000000002a51000 	/usr/lib/system/libunwind.dylib
0x0000000002a51000 	/usr/lib/system/libxpc.dylib
0x0000000002a51000 	/usr/lib/libenergytrace.dylib
0x0000000002a51000 	/usr/lib/libbsm.0.dylib
0x0000000002a51000 	/usr/lib/system/libkxld.dylib
0x0000000002a51000 	/usr/lib/libxar.1.dylib
0x0000000002a51000 	/usr/lib/libsqlite3.dylib
0x0000000002a51000 	/usr/lib/libpam.2.dylib
0x0000000002a51000 	/usr/lib/libOpenScriptingUtil.dylib
0x0000000002a51000 	/usr/lib/libbz2.1.0.dylib
0x0000000002a51000 	/usr/lib/liblzma.5.dylib
0x0000000002a51000 	/System/Library/Frameworks/CoreServices.framework/Versions/A/Frameworks/FSEvents.framework/Versions/A/FSEvents
0x0000000002a51000 	/System/Library/Frameworks/CoreServices.framework/Versions/A/Frameworks/CarbonCore.framework/Versions/A/CarbonCore
0x0000000002a51000 	/System/Library/Frameworks/CoreServices.framework/Versions/A/Frameworks/Metadata.framework/Versions/A/Metadata
0x0000000002a51000 	/System/Library/Frameworks/CoreServices.framework/Versions/A/Frameworks/OSServices.framework/Versions/A/OSServices
0x0000000002a51000 	/System/Library/Frameworks/CoreServices.framework/Versions/A/Frameworks/SearchKit.framework/Versions/A/SearchKit
0x0000000002a51000 	/System/Library/Frameworks/CoreServices.framework/Versions/A/Frameworks/AE.framework/Versions/A/AE
0x0000000002a51000 	/System/Library/Frameworks/CoreServices.framework/Versions/A/Frameworks/LaunchServices.framework/Versions/A/LaunchServices
0x0000000002a51000 	/System/Library/Frameworks/CoreServices.framework/Versions/A/Frameworks/DictionaryServices.framework/Versions/A/DictionaryServices
0x0000000002a51000 	/System/Library/Frameworks/CoreServices.framework/Versions/A/Frameworks/SharedFileList.framework/Versions/A/SharedFileList
0x0000000002a51000 	/System/Library/Frameworks/NetFS.framework/Versions/A/NetFS
0x0000000002a51000 	/System/Library/PrivateFrameworks/NetAuth.framework/Versions/A/NetAuth
0x0000000002a51000 	/System/Library/PrivateFrameworks/login.framework/Versions/A/Frameworks/loginsupport.framework/Versions/A/loginsupport
0x0000000002a51000 	/System/Library/PrivateFrameworks/TCC.framework/Versions/A/TCC
0x0000000002a51000 	/usr/lib/libmecabra.dylib
0x0000000002a51000 	/System/Library/Frameworks/ApplicationServices.framework/Versions/A/Frameworks/ATS.framework/Versions/A/ATS
0x0000000002a51000 	/System/Library/Frameworks/ApplicationServices.framework/Versions/A/Frameworks/ColorSync.framework/Versions/A/ColorSync
0x0000000002a51000 	/System/Library/Frameworks/ApplicationServices.framework/Versions/A/Frameworks/HIServices.framework/Versions/A/HIServices
0x0000000002a51000 	/System/Library/Frameworks/ApplicationServices.framework/Versions/A/Frameworks/LangAnalysis.framework/Versions/A/LangAnalysis
0x0000000002a51000 	/System/Library/Frameworks/ApplicationServices.framework/Versions/A/Frameworks/PrintCore.framework/Versions/A/PrintCore
0x0000000002a51000 	/System/Library/Frameworks/ApplicationServices.framework/Versions/A/Frameworks/QD.framework/Versions/A/QD
0x0000000002a51000 	/System/Library/Frameworks/ApplicationServices.framework/Versions/A/Frameworks/SpeechSynthesis.framework/Versions/A/SpeechSynthesis
0x0000000002a51000 	/System/Library/Frameworks/Metal.framework/Versions/A/Metal
0x0000000002a51000 	/System/Library/Frameworks/Accelerate.framework/Versions/A/Frameworks/vImage.framework/Versions/A/vImage
0x0000000002a51000 	/System/Library/Frameworks/Accelerate.framework/Versions/A/Frameworks/vecLib.framework/Versions/A/vecLib
0x0000000002a51000 	/System/Library/Frameworks/Accelerate.framework/Versions/A/Frameworks/vecLib.framework/Versions/A/libvDSP.dylib
0x0000000002a51000 	/System/Library/Frameworks/Accelerate.framework/Versions/A/Frameworks/vecLib.framework/Versions/A/libvMisc.dylib
0x0000000002a51000 	/System/Library/Frameworks/Accelerate.framework/Versions/A/Frameworks/vecLib.framework/Versions/A/libLAPACK.dylib
0x0000000002a51000 	/System/Library/Frameworks/Accelerate.framework/Versions/A/Frameworks/vecLib.framework/Versions/A/libBLAS.dylib
0x0000000002a51000 	/System/Library/Frameworks/Accelerate.framework/Versions/A/Frameworks/vecLib.framework/Versions/A/libLinearAlgebra.dylib
0x0000000002a51000 	/System/Library/Frameworks/Accelerate.framework/Versions/A/Frameworks/vecLib.framework/Versions/A/libSparseBLAS.dylib
0x0000000002a51000 	/System/Library/PrivateFrameworks/GPUCompiler.framework/libmetal_timestamp.dylib
0x0000000002a51000 	/System/Library/Frameworks/OpenGL.framework/Versions/A/Libraries/libCoreFSCache.dylib
0x0000000002a51000 	/System/Library/PrivateFrameworks/IOAccelerator.framework/Versions/A/IOAccelerator
0x0000000002a51000 	/System/Library/Frameworks/ApplicationServices.framework/Versions/A/Frameworks/ATS.framework/Versions/A/Resources/libFontParser.dylib
0x0000000002a51000 	/System/Library/Frameworks/ApplicationServices.framework/Versions/A/Frameworks/ATS.framework/Versions/A/Resources/libFontRegistry.dylib
0x0000000002a51000 	/System/Library/PrivateFrameworks/AppleVPA.framework/Versions/A/AppleVPA
0x0000000002a51000 	/System/Library/PrivateFrameworks/AppleJPEG.framework/Versions/A/AppleJPEG
0x0000000002a51000 	/System/Library/Frameworks/ImageIO.framework/Versions/A/Resources/libJPEG.dylib
0x0000000002a51000 	/System/Library/Frameworks/ImageIO.framework/Versions/A/Resources/libTIFF.dylib
0x0000000002a51000 	/System/Library/Frameworks/ImageIO.framework/Versions/A/Resources/libPng.dylib
0x0000000002a51000 	/System/Library/Frameworks/ImageIO.framework/Versions/A/Resources/libGIF.dylib
0x0000000002a51000 	/System/Library/Frameworks/ImageIO.framework/Versions/A/Resources/libJP2.dylib
0x0000000002a51000 	/System/Library/Frameworks/ImageIO.framework/Versions/A/Resources/libRadiance.dylib
0x0000000002a51000 	/System/Library/Frameworks/CoreVideo.framework/Versions/A/CoreVideo
0x0000000002a51000 	/System/Library/Frameworks/OpenGL.framework/Versions/A/Libraries/libGLU.dylib
0x0000000002a51000 	/System/Library/Frameworks/OpenGL.framework/Versions/A/Libraries/libGFXShared.dylib
0x0000000002a51000 	/System/Library/Frameworks/OpenGL.framework/Versions/A/Libraries/libGL.dylib
0x0000000002a51000 	/System/Library/Frameworks/OpenGL.framework/Versions/A/Libraries/libGLImage.dylib
0x0000000002a51000 	/System/Library/Frameworks/OpenGL.framework/Versions/A/Libraries/libCVMSPluginSupport.dylib
0x0000000002a51000 	/System/Library/Frameworks/OpenGL.framework/Versions/A/Libraries/libCoreVMClient.dylib
0x0000000002a51000 	/usr/lib/libcups.2.dylib
0x0000000002a51000 	/System/Library/Frameworks/Kerberos.framework/Versions/A/Kerberos
0x0000000002a51000 	/System/Library/Frameworks/GSS.framework/Versions/A/GSS
0x0000000002a51000 	/usr/lib/libresolv.9.dylib
0x0000000002a51000 	/usr/lib/libiconv.2.dylib
0x0000000002a51000 	/System/Library/PrivateFrameworks/Heimdal.framework/Versions/A/Heimdal
0x0000000002a51000 	/usr/lib/libheimdal-asn1.dylib
0x0000000002a51000 	/System/Library/Frameworks/OpenDirectory.framework/Versions/A/OpenDirectory
0x0000000002a51000 	/System/Library/PrivateFrameworks/CommonAuth.framework/Versions/A/CommonAuth
0x0000000002a51000 	/System/Library/Frameworks/OpenDirectory.framework/Versions/A/Frameworks/CFOpenDirectory.framework/Versions/A/CFOpenDirectory
0x0000000002a51000 	/System/Library/Frameworks/SecurityFoundation.framework/Versions/A/SecurityFoundation
0x0000000002a51000 	/System/Library/PrivateFrameworks/LanguageModeling.framework/Versions/A/LanguageModeling
0x0000000002a51000 	/usr/lib/libmarisa.dylib
0x0000000002a51000 	/usr/lib/libChineseTokenizer.dylib
0x0000000002a51000 	/usr/lib/libcmph.dylib
0x0000000002a51000 	/usr/lib/libcompression.dylib
0x0000000002a51000 	/System/Library/Frameworks/ServiceManagement.framework/Versions/A/ServiceManagement
0x0000000002a51000 	/usr/lib/libxslt.1.dylib
0x0000000002a51000 	/System/Library/Frameworks/Carbon.framework/Versions/A/Frameworks/Ink.framework/Versions/A/Ink
0x0000000002a51000 	/usr/lib/libFosl_dynamic.dylib
0x0000000002a51000 	/System/Library/PrivateFrameworks/FaceCore.framework/Versions/A/FaceCore
0x0000000002a51000 	/System/Library/Frameworks/OpenCL.framework/Versions/A/OpenCL
0x0000000002a51000 	/System/Library/PrivateFrameworks/CrashReporterSupport.framework/Versions/A/CrashReporterSupport
0x0000000002a51000 	/System/Library/PrivateFrameworks/IconServices.framework/Versions/A/IconServices
0x0000000002a51000 	/System/Library/PrivateFrameworks/Apple80211.framework/Versions/A/Apple80211
0x0000000002a51000 	/System/Library/Frameworks/CoreWLAN.framework/Versions/A/CoreWLAN
0x0000000002a51000 	/System/Library/Frameworks/IOBluetooth.framework/Versions/A/IOBluetooth
0x0000000002a51000 	/System/Library/PrivateFrameworks/CoreWiFi.framework/Versions/A/CoreWiFi
0x0000000002a51000 	/System/Library/Frameworks/CoreBluetooth.framework/Versions/A/CoreBluetooth
0x0000000002a51000 	/System/Library/PrivateFrameworks/ChunkingLibrary.framework/Versions/A/ChunkingLibrary
0x0000000002a51000 	/System/Library/PrivateFrameworks/DebugSymbols.framework/Versions/A/DebugSymbols
0x0000000002a51000 	/System/Library/PrivateFrameworks/CoreSymbolication.framework/Versions/A/CoreSymbolication
0x0000000002a51000 	/System/Library/PrivateFrameworks/Symbolication.framework/Versions/A/Symbolication
0x0000000002a51000 	/System/Library/PrivateFrameworks/SpeechRecognitionCore.framework/Versions/A/SpeechRecognitionCore
0x000000010e800000 	/Library/Java/JavaVirtualMachines/jdk1.8.0_66.jdk/Contents/Home/jre/lib/server/libjvm.dylib
0x0000000002a51000 	/usr/lib/libstdc++.6.dylib
0x000000010d7aa000 	/Library/Java/JavaVirtualMachines/jdk1.8.0_66.jdk/Contents/Home/jre/lib/libverify.dylib
0x000000010d7b8000 	/Library/Java/JavaVirtualMachines/jdk1.8.0_66.jdk/Contents/Home/jre/lib/libjava.dylib
0x000000010f786000 	/Library/Java/JavaVirtualMachines/jdk1.8.0_66.jdk/Contents/Home/jre/lib/libjdwp.dylib
0x000000010d7ee000 	/Library/Java/JavaVirtualMachines/jdk1.8.0_66.jdk/Contents/Home/jre/lib/libnpt.dylib
0x000000010f7d1000 	/Library/Java/JavaVirtualMachines/jdk1.8.0_66.jdk/Contents/Home/jre/lib/libzip.dylib
0x000000012a88f000 	/System/Library/Frameworks/JavaVM.framework/Frameworks/JavaRuntimeSupport.framework/JavaRuntimeSupport
0x000000012a8aa000 	/System/Library/Frameworks/JavaVM.framework/Versions/A/Frameworks/JavaNativeFoundation.framework/Versions/A/JavaNativeFoundation
0x000000012a8bf000 	/System/Library/Frameworks/JavaVM.framework/Versions/A/JavaVM
0x0000000002a51000 	/System/Library/Frameworks/Carbon.framework/Versions/A/Carbon
0x000000012a8cc000 	/System/Library/PrivateFrameworks/JavaLaunching.framework/Versions/A/JavaLaunching
0x0000000002a51000 	/System/Library/Frameworks/Carbon.framework/Versions/A/Frameworks/CommonPanels.framework/Versions/A/CommonPanels
0x0000000002a51000 	/System/Library/Frameworks/Carbon.framework/Versions/A/Frameworks/Help.framework/Versions/A/Help
0x0000000002a51000 	/System/Library/Frameworks/Carbon.framework/Versions/A/Frameworks/ImageCapture.framework/Versions/A/ImageCapture
0x0000000002a51000 	/System/Library/Frameworks/Carbon.framework/Versions/A/Frameworks/OpenScripting.framework/Versions/A/OpenScripting
0x0000000002a51000 	/System/Library/Frameworks/Carbon.framework/Versions/A/Frameworks/Print.framework/Versions/A/Print
0x0000000002a51000 	/System/Library/Frameworks/Carbon.framework/Versions/A/Frameworks/SecurityHI.framework/Versions/A/SecurityHI
0x000000012c1e9000 	/Library/Java/JavaVirtualMachines/jdk1.8.0_66.jdk/Contents/Home/jre/lib/libdt_socket.dylib

VM Arguments:
jvm_args: -agentlib:jdwp=transport=dt_socket,address=127.0.0.1:54706,suspend=y,server=n -Dfile.encoding=UTF-8 
java_command: Main
java_class_path (initial): /Library/Java/JavaVirtualMachines/jdk1.8.0_66.jdk/Contents/Home/jre/lib/charsets.jar:/Library/Java/JavaVirtualMachines/jdk1.8.0_66.jdk/Contents/Home/jre/lib/deploy.jar:/Library/Java/JavaVirtualMachines/jdk1.8.0_66.jdk/Contents/Home/jre/lib/ext/cldrdata.jar:/Library/Java/JavaVirtualMachines/jdk1.8.0_66.jdk/Contents/Home/jre/lib/ext/dnsns.jar:/Library/Java/JavaVirtualMachines/jdk1.8.0_66.jdk/Contents/Home/jre/lib/ext/jaccess.jar:/Library/Java/JavaVirtualMachines/jdk1.8.0_66.jdk/Contents/Home/jre/lib/ext/jfxrt.jar:/Library/Java/JavaVirtualMachines/jdk1.8.0_66.jdk/Contents/Home/jre/lib/ext/localedata.jar:/Library/Java/JavaVirtualMachines/jdk1.8.0_66.jdk/Contents/Home/jre/lib/ext/nashorn.jar:/Library/Java/JavaVirtualMachines/jdk1.8.0_66.jdk/Contents/Home/jre/lib/ext/sunec.jar:/Library/Java/JavaVirtualMachines/jdk1.8.0_66.jdk/Contents/Home/jre/lib/ext/sunjce_provider.jar:/Library/Java/JavaVirtualMachines/jdk1.8.0_66.jdk/Contents/Home/jre/lib/ext/sunpkcs11.jar:/Library/Java/JavaVirtualMachines/jdk1.8.0_66.jdk/Contents/Home/jre/lib/ext/zipfs.jar:/Library/Java/JavaVirtualMachines/jdk1.8.0_66.jdk/Contents/Home/jre/lib/javaws.jar:/Library/Java/JavaVirtualMachines/jdk1.8.0_66.jdk/Contents/Home/jre/lib/jce.jar:/Library/Java/JavaVirtualMachines/jdk1.8.0_66.jdk/Contents/Home/jre/lib/jfr.jar:/Library/Java/JavaVirtualMachines/jdk1.8.0_66.jdk/Contents/Home/jre/lib/jfxswt.jar:/Library/Java/JavaVirtualMachines/jdk1.8.0_66.jdk/Contents/Home/jre/lib/jsse.jar:/Library/Java/JavaVirtualMachines/jdk1.8.0_66.jdk/Contents/Home/jre/lib/management-agent.jar:/Library/Java/JavaVirtualMachines/jdk1.8.0_66.jdk/Contents/Home/jre/lib/plugin.jar:/Library/Java/JavaVirtualMachines/jdk1.8.0_66.jdk/Contents/Home/jre/lib/resources.jar:/Library/Java/JavaVirtualMachines/jdk1.8.0_66.jdk/Contents/Home/jre/lib/rt.jar:/Library/Java/JavaVirtualMachines/jdk1.8.0_66.jdk/Contents/Home/lib/ant-javafx.jar:/Library/Java/JavaVirtualMachines/jdk1.8.0_66.jdk/Contents/Home/lib/dt.jar:/Library/Ja
Launcher Type: SUN_STANDARD

Environment Variables:
PATH=/usr/local/node/bin:/usr/local/bin:/usr/bin:/bin:/usr/sbin:/sbin:/Users/localadmin/bin:/Users/localadmin/bin
SHELL=/bin/bash
DISPLAY=/private/tmp/com.apple.launchd.En1qdrv5Bc/org.macosforge.xquartz:0

Signal Handlers:
SIGSEGV: [libjvm.dylib+0x5a65d5], sa_mask[0]=11111111011111110111111111111111, sa_flags=SA_ONSTACK|SA_RESTART|SA_SIGINFO
SIGBUS: [libjvm.dylib+0x5a65d5], sa_mask[0]=11111111011111110111111111111111, sa_flags=SA_RESTART|SA_SIGINFO
SIGFPE: [libjvm.dylib+0x4802e8], sa_mask[0]=11111111011111110111111111111111, sa_flags=SA_RESTART|SA_SIGINFO
SIGPIPE: [libjvm.dylib+0x4802e8], sa_mask[0]=11111111011111110111111111111111, sa_flags=SA_RESTART|SA_SIGINFO
SIGXFSZ: [libjvm.dylib+0x4802e8], sa_mask[0]=11111111011111110111111111111111, sa_flags=SA_RESTART|SA_SIGINFO
SIGILL: [libjvm.dylib+0x4802e8], sa_mask[0]=11111111011111110111111111111111, sa_flags=SA_RESTART|SA_SIGINFO
SIGUSR1: SIG_DFL, sa_mask[0]=00000000000000000000000000000000, sa_flags=none
SIGUSR2: [libjvm.dylib+0x47fe06], sa_mask[0]=00100000000000000000000000000000, sa_flags=SA_RESTART|SA_SIGINFO
SIGHUP: [libjvm.dylib+0x47e3dd], sa_mask[0]=11111111011111110111111111111111, sa_flags=SA_RESTART|SA_SIGINFO
SIGINT: [libjvm.dylib+0x47e3dd], sa_mask[0]=11111111011111110111111111111111, sa_flags=SA_RESTART|SA_SIGINFO
SIGTERM: [libjvm.dylib+0x47e3dd], sa_mask[0]=11111111011111110111111111111111, sa_flags=SA_RESTART|SA_SIGINFO
SIGQUIT: [libjvm.dylib+0x47e3dd], sa_mask[0]=11111111011111110111111111111111, sa_flags=SA_RESTART|SA_SIGINFO


---------------  S Y S T E M  ---------------

OS:Bsduname:Darwin 15.0.0 Darwin Kernel Version 15.0.0: Sat Sep 19 15:53:46 PDT 2015; root:xnu-3247.10.11~1/RELEASE_X86_64 x86_64
rlimit: STACK 8192k, CORE 0k, NPROC 709, NOFILE 10240, AS infinity
load average:2.90 2.84 2.85

CPU:total 8 (4 cores per cpu, 2 threads per core) family 6 model 94 stepping 3, cmov, cx8, fxsr, mmx, sse, sse2, sse3, ssse3, sse4.1, sse4.2, popcnt, avx, avx2, aes, clmul, erms, rtm, 3dnowpref, lzcnt, ht, tsc, tscinvbit, bmi1, bmi2, adx

Memory: 4k page, physical 16777216k(586184k free)

/proc/meminfo:


vm_info: Java HotSpot(TM) 64-Bit Server VM (25.66-b17) for bsd-amd64 JRE (1.8.0_66-b17), built on Oct  6 2015 16:09:13 by "java_re" with gcc 4.2.1 (Based on Apple Inc. build 5658) (LLVM build 2336.11.00)

time: Thu Jul 28 11:39:01 2016
elapsed time: 3054 seconds (0d 0h 50m 54s)

